2024-05-04 15:16:51,206 [trainer.py] => config: ./exps/simplecil.json
2024-05-04 15:16:51,206 [trainer.py] => prefix: simplecil
2024-05-04 15:16:51,206 [trainer.py] => dataset: cifar100
2024-05-04 15:16:51,206 [trainer.py] => memory_size: 0
2024-05-04 15:16:51,206 [trainer.py] => memory_per_class: 0
2024-05-04 15:16:51,206 [trainer.py] => fixed_memory: False
2024-05-04 15:16:51,206 [trainer.py] => shuffle: True
2024-05-04 15:16:51,206 [trainer.py] => init_cls: 50
2024-05-04 15:16:51,206 [trainer.py] => increment: 5
2024-05-04 15:16:51,206 [trainer.py] => model_name: simplecil
2024-05-04 15:16:51,206 [trainer.py] => convnet_type: cosine_resnet18
2024-05-04 15:16:51,206 [trainer.py] => device: [device(type='cuda', index=0), device(type='cuda', index=1)]
2024-05-04 15:16:51,206 [trainer.py] => seed: 1993
2024-05-04 15:16:51,206 [trainer.py] => init_epoch: 200
2024-05-04 15:16:51,206 [trainer.py] => init_lr: 0.01
2024-05-04 15:16:51,206 [trainer.py] => batch_size: 256
2024-05-04 15:16:51,206 [trainer.py] => weight_decay: 0.05
2024-05-04 15:16:51,206 [trainer.py] => init_lr_decay: 0.1
2024-05-04 15:16:51,206 [trainer.py] => init_weight_decay: 0.0005
2024-05-04 15:16:51,206 [trainer.py] => min_lr: 0
2024-05-04 15:16:52,935 [data_manager.py] => [68, 56, 78, 8, 23, 84, 90, 65, 74, 76, 40, 89, 3, 92, 55, 9, 26, 80, 43, 38, 58, 70, 77, 1, 85, 19, 17, 50, 28, 53, 13, 81, 45, 82, 6, 59, 83, 16, 15, 44, 91, 41, 72, 60, 79, 52, 20, 10, 31, 54, 37, 95, 14, 71, 96, 98, 97, 2, 64, 66, 42, 22, 35, 86, 24, 34, 87, 21, 99, 0, 88, 27, 18, 94, 11, 12, 47, 25, 30, 46, 62, 69, 36, 61, 7, 63, 75, 5, 32, 4, 51, 48, 73, 93, 39, 67, 29, 49, 57, 33]
2024-05-04 15:16:53,437 [trainer.py] => All params: 11681832
2024-05-04 15:16:53,438 [trainer.py] => Trainable params: 11681832
2024-05-04 15:16:53,676 [simplecil.py] => Learning on 0-50
2024-05-04 17:00:35,059 [simplecil.py] => Task 0, Epoch 200/200 => Loss 0.004, Train_accy 99.97
