2024-04-29 15:58:40,134 [trainer.py] => config: ./exps/finetune.json
2024-04-29 15:58:40,135 [trainer.py] => prefix: reproduce
2024-04-29 15:58:40,135 [trainer.py] => dataset: cifar100
2024-04-29 15:58:40,135 [trainer.py] => memory_size: 2000
2024-04-29 15:58:40,135 [trainer.py] => memory_per_class: 20
2024-04-29 15:58:40,135 [trainer.py] => fixed_memory: False
2024-04-29 15:58:40,135 [trainer.py] => shuffle: True
2024-04-29 15:58:40,135 [trainer.py] => init_cls: 10
2024-04-29 15:58:40,135 [trainer.py] => increment: 10
2024-04-29 15:58:40,136 [trainer.py] => model_name: finetune
2024-04-29 15:58:40,136 [trainer.py] => convnet_type: resnet32
2024-04-29 15:58:40,136 [trainer.py] => device: [device(type='cuda', index=0), device(type='cuda', index=1), device(type='cuda', index=2), device(type='cuda', index=3)]
2024-04-29 15:58:40,136 [trainer.py] => seed: 1993
2024-04-29 16:00:37,375 [data_manager.py] => [68, 56, 78, 8, 23, 84, 90, 65, 74, 76, 40, 89, 3, 92, 55, 9, 26, 80, 43, 38, 58, 70, 77, 1, 85, 19, 17, 50, 28, 53, 13, 81, 45, 82, 6, 59, 83, 16, 15, 44, 91, 41, 72, 60, 79, 52, 20, 10, 31, 54, 37, 95, 14, 71, 96, 98, 97, 2, 64, 66, 42, 22, 35, 86, 24, 34, 87, 21, 99, 0, 88, 27, 18, 94, 11, 12, 47, 25, 30, 46, 62, 69, 36, 61, 7, 63, 75, 5, 32, 4, 51, 48, 73, 93, 39, 67, 29, 49, 57, 33]
2024-04-29 16:00:38,815 [trainer.py] => All params: 464154
2024-04-29 16:00:38,817 [trainer.py] => Trainable params: 464154
2024-04-29 16:00:38,817 [finetune.py] => Learning on 0-10
2024-04-29 16:02:08,950 [trainer.py] => config: ./exps/finetune.json
2024-04-29 16:02:08,950 [trainer.py] => prefix: reproduce
2024-04-29 16:02:08,950 [trainer.py] => dataset: cifar100
2024-04-29 16:02:08,950 [trainer.py] => memory_size: 2000
2024-04-29 16:02:08,950 [trainer.py] => memory_per_class: 20
2024-04-29 16:02:08,950 [trainer.py] => fixed_memory: False
2024-04-29 16:02:08,950 [trainer.py] => shuffle: True
2024-04-29 16:02:08,950 [trainer.py] => init_cls: 10
2024-04-29 16:02:08,950 [trainer.py] => increment: 10
2024-04-29 16:02:08,950 [trainer.py] => model_name: finetune
2024-04-29 16:02:08,950 [trainer.py] => convnet_type: resnet32
2024-04-29 16:02:08,950 [trainer.py] => device: [device(type='cuda', index=0), device(type='cuda', index=1)]
2024-04-29 16:02:08,950 [trainer.py] => seed: 1993
2024-04-29 16:02:10,687 [data_manager.py] => [68, 56, 78, 8, 23, 84, 90, 65, 74, 76, 40, 89, 3, 92, 55, 9, 26, 80, 43, 38, 58, 70, 77, 1, 85, 19, 17, 50, 28, 53, 13, 81, 45, 82, 6, 59, 83, 16, 15, 44, 91, 41, 72, 60, 79, 52, 20, 10, 31, 54, 37, 95, 14, 71, 96, 98, 97, 2, 64, 66, 42, 22, 35, 86, 24, 34, 87, 21, 99, 0, 88, 27, 18, 94, 11, 12, 47, 25, 30, 46, 62, 69, 36, 61, 7, 63, 75, 5, 32, 4, 51, 48, 73, 93, 39, 67, 29, 49, 57, 33]
2024-04-29 16:02:10,972 [trainer.py] => All params: 464154
2024-04-29 16:02:10,973 [trainer.py] => Trainable params: 464154
2024-04-29 16:02:10,973 [finetune.py] => Learning on 0-10
2024-04-29 16:22:38,544 [finetune.py] => Task 0, Epoch 200/200 => Loss 0.041, Train_accy 99.06
2024-04-29 16:22:39,407 [trainer.py] => No NME accuracy.
2024-04-29 16:22:39,408 [trainer.py] => CNN: {'total': 89.7, '00-09': 89.7, 'old': 0, 'new': 89.7}
2024-04-29 16:22:39,408 [trainer.py] => CNN top1 curve: [89.7]
2024-04-29 16:22:39,408 [trainer.py] => CNN top5 curve: [99.4]

2024-04-29 16:22:39,408 [trainer.py] => Average Accuracy (CNN): 89.7
2024-04-29 16:22:39,410 [trainer.py] => All params: 464804
2024-04-29 16:22:39,411 [trainer.py] => Trainable params: 464804
2024-04-29 16:22:39,420 [finetune.py] => Learning on 10-20
2024-04-29 16:31:11,535 [finetune.py] => Task 1, Epoch 80/80 => Loss 0.079, Train_accy 97.80
2024-04-29 16:31:12,142 [trainer.py] => No NME accuracy.
2024-04-29 16:31:12,142 [trainer.py] => CNN: {'total': 41.35, '00-09': 0.4, '10-19': 82.3, 'old': 0.4, 'new': 82.3}
2024-04-29 16:31:12,142 [trainer.py] => CNN top1 curve: [89.7, 41.35]
2024-04-29 16:31:12,142 [trainer.py] => CNN top5 curve: [99.4, 77.75]

2024-04-29 16:31:12,143 [trainer.py] => Average Accuracy (CNN): 65.525
2024-04-29 16:31:12,144 [trainer.py] => All params: 465454
2024-04-29 16:31:12,145 [trainer.py] => Trainable params: 465454
2024-04-29 16:31:12,147 [finetune.py] => Learning on 20-30
2024-04-29 16:39:43,003 [finetune.py] => Task 2, Epoch 80/80 => Loss 0.022, Train_accy 99.54
2024-04-29 16:39:43,683 [trainer.py] => No NME accuracy.
2024-04-29 16:39:43,684 [trainer.py] => CNN: {'total': 31.37, '00-09': 0.0, '10-19': 1.7, '20-29': 92.4, 'old': 0.85, 'new': 92.4}
2024-04-29 16:39:43,684 [trainer.py] => CNN top1 curve: [89.7, 41.35, 31.37]
2024-04-29 16:39:43,684 [trainer.py] => CNN top5 curve: [99.4, 77.75, 58.37]

2024-04-29 16:39:43,684 [trainer.py] => Average Accuracy (CNN): 54.14000000000001
2024-04-29 16:39:43,685 [trainer.py] => All params: 466104
2024-04-29 16:39:43,686 [trainer.py] => Trainable params: 466104
2024-04-29 16:39:43,689 [finetune.py] => Learning on 30-40
2024-04-29 16:48:32,414 [finetune.py] => Task 3, Epoch 80/80 => Loss 0.036, Train_accy 99.04
2024-04-29 16:48:33,178 [trainer.py] => No NME accuracy.
2024-04-29 16:48:33,179 [trainer.py] => CNN: {'total': 21.85, '00-09': 0.0, '10-19': 0.0, '20-29': 0.4, '30-39': 87.0, 'old': 0.13, 'new': 87.0}
2024-04-29 16:48:33,179 [trainer.py] => CNN top1 curve: [89.7, 41.35, 31.37, 21.85]
2024-04-29 16:48:33,179 [trainer.py] => CNN top5 curve: [99.4, 77.75, 58.37, 48.4]

2024-04-29 16:48:33,179 [trainer.py] => Average Accuracy (CNN): 46.0675
2024-04-29 16:48:33,180 [trainer.py] => All params: 466754
2024-04-29 16:48:33,181 [trainer.py] => Trainable params: 466754
2024-04-29 16:48:33,184 [finetune.py] => Learning on 40-50
2024-04-29 16:55:23,021 [trainer.py] => config: ./exps/finetune.json
2024-04-29 16:55:23,021 [trainer.py] => prefix: reproduce
2024-04-29 16:55:23,021 [trainer.py] => dataset: cifar100
2024-04-29 16:55:23,021 [trainer.py] => memory_size: 2000
2024-04-29 16:55:23,021 [trainer.py] => memory_per_class: 20
2024-04-29 16:55:23,021 [trainer.py] => fixed_memory: False
2024-04-29 16:55:23,021 [trainer.py] => shuffle: True
2024-04-29 16:55:23,021 [trainer.py] => init_cls: 10
2024-04-29 16:55:23,021 [trainer.py] => increment: 10
2024-04-29 16:55:23,021 [trainer.py] => model_name: finetune
2024-04-29 16:55:23,021 [trainer.py] => convnet_type: resnet32
2024-04-29 16:55:23,021 [trainer.py] => device: [device(type='cuda', index=0), device(type='cuda', index=1)]
2024-04-29 16:55:23,021 [trainer.py] => seed: 1993
2024-04-29 16:55:24,748 [data_manager.py] => [68, 56, 78, 8, 23, 84, 90, 65, 74, 76, 40, 89, 3, 92, 55, 9, 26, 80, 43, 38, 58, 70, 77, 1, 85, 19, 17, 50, 28, 53, 13, 81, 45, 82, 6, 59, 83, 16, 15, 44, 91, 41, 72, 60, 79, 52, 20, 10, 31, 54, 37, 95, 14, 71, 96, 98, 97, 2, 64, 66, 42, 22, 35, 86, 24, 34, 87, 21, 99, 0, 88, 27, 18, 94, 11, 12, 47, 25, 30, 46, 62, 69, 36, 61, 7, 63, 75, 5, 32, 4, 51, 48, 73, 93, 39, 67, 29, 49, 57, 33]
2024-04-29 16:55:25,092 [trainer.py] => All params: 464154
2024-04-29 16:55:25,093 [trainer.py] => Trainable params: 464154
2024-04-29 16:55:25,094 [finetune.py] => Learning on 0-10
2024-04-29 17:15:49,670 [finetune.py] => Task 0, Epoch 200/200 => Loss 0.041, Train_accy 99.06
2024-04-29 17:15:50,346 [trainer.py] => No NME accuracy.
2024-04-29 17:15:50,347 [trainer.py] => CNN: {'total': 89.7, '00-09': 89.7, 'old': 0, 'new': 89.7}
2024-04-29 17:15:50,347 [trainer.py] => CNN top1 curve: [89.7]
2024-04-29 17:15:50,347 [trainer.py] => CNN top5 curve: [99.4]

2024-04-29 17:15:50,348 [trainer.py] => Average Accuracy (CNN): 89.7
2024-04-29 17:15:50,349 [trainer.py] => All params: 464804
2024-04-29 17:15:50,350 [trainer.py] => Trainable params: 464804
2024-04-29 17:15:50,352 [finetune.py] => Learning on 10-20
2024-04-29 17:24:12,131 [finetune.py] => Task 1, Epoch 80/80 => Loss 0.079, Train_accy 97.80
2024-04-29 17:24:12,694 [trainer.py] => No NME accuracy.
2024-04-29 17:24:12,694 [trainer.py] => CNN: {'total': 41.35, '00-09': 0.4, '10-19': 82.3, 'old': 0.4, 'new': 82.3}
2024-04-29 17:24:12,695 [trainer.py] => CNN top1 curve: [89.7, 41.35]
2024-04-29 17:24:12,695 [trainer.py] => CNN top5 curve: [99.4, 77.75]

2024-04-29 17:24:12,695 [trainer.py] => Average Accuracy (CNN): 65.525
2024-04-29 17:24:12,696 [trainer.py] => All params: 465454
2024-04-29 17:24:12,697 [trainer.py] => Trainable params: 465454
2024-04-29 17:24:12,699 [finetune.py] => Learning on 20-30
2024-04-29 17:32:48,196 [finetune.py] => Task 2, Epoch 80/80 => Loss 0.022, Train_accy 99.54
2024-04-29 17:32:48,905 [trainer.py] => No NME accuracy.
2024-04-29 17:32:48,905 [trainer.py] => CNN: {'total': 31.37, '00-09': 0.0, '10-19': 1.7, '20-29': 92.4, 'old': 0.85, 'new': 92.4}
2024-04-29 17:32:48,906 [trainer.py] => CNN top1 curve: [89.7, 41.35, 31.37]
2024-04-29 17:32:48,906 [trainer.py] => CNN top5 curve: [99.4, 77.75, 58.37]

2024-04-29 17:32:48,906 [trainer.py] => Average Accuracy (CNN): 54.14000000000001
2024-04-29 17:32:48,907 [trainer.py] => All params: 466104
2024-04-29 17:32:48,908 [trainer.py] => Trainable params: 466104
2024-04-29 17:32:48,910 [finetune.py] => Learning on 30-40
2024-04-29 17:41:40,460 [finetune.py] => Task 3, Epoch 80/80 => Loss 0.036, Train_accy 99.04
2024-04-29 17:41:41,230 [trainer.py] => No NME accuracy.
2024-04-29 17:41:41,231 [trainer.py] => CNN: {'total': 21.85, '00-09': 0.0, '10-19': 0.0, '20-29': 0.4, '30-39': 87.0, 'old': 0.13, 'new': 87.0}
2024-04-29 17:41:41,231 [trainer.py] => CNN top1 curve: [89.7, 41.35, 31.37, 21.85]
2024-04-29 17:41:41,231 [trainer.py] => CNN top5 curve: [99.4, 77.75, 58.37, 48.4]

2024-04-29 17:41:41,231 [trainer.py] => Average Accuracy (CNN): 46.0675
2024-04-29 17:41:41,232 [trainer.py] => All params: 466754
2024-04-29 17:41:41,234 [trainer.py] => Trainable params: 466754
2024-04-29 17:41:41,236 [finetune.py] => Learning on 40-50
2024-04-29 17:50:42,909 [finetune.py] => Task 4, Epoch 80/80 => Loss 0.015, Train_accy 99.66
2024-04-29 17:50:43,884 [trainer.py] => No NME accuracy.
2024-04-29 17:50:43,884 [trainer.py] => CNN: {'total': 19.28, '00-09': 0.0, '10-19': 0.0, '20-29': 0.0, '30-39': 2.9, '40-49': 93.5, 'old': 0.72, 'new': 93.5}
2024-04-29 17:50:43,885 [trainer.py] => CNN top1 curve: [89.7, 41.35, 31.37, 21.85, 19.28]
2024-04-29 17:50:43,885 [trainer.py] => CNN top5 curve: [99.4, 77.75, 58.37, 48.4, 43.6]

2024-04-29 17:50:43,885 [trainer.py] => Average Accuracy (CNN): 40.71
2024-04-29 17:50:43,886 [trainer.py] => All params: 467404
2024-04-29 17:50:43,887 [trainer.py] => Trainable params: 467404
2024-04-29 17:50:43,889 [finetune.py] => Learning on 50-60
2024-04-29 17:59:57,675 [finetune.py] => Task 5, Epoch 80/80 => Loss 0.056, Train_accy 99.00
2024-04-29 17:59:58,638 [trainer.py] => No NME accuracy.
2024-04-29 17:59:58,639 [trainer.py] => CNN: {'total': 15.13, '00-09': 0.0, '10-19': 0.0, '20-29': 0.0, '30-39': 0.0, '40-49': 2.6, '50-59': 88.2, 'old': 0.52, 'new': 88.2}
2024-04-29 17:59:58,639 [trainer.py] => CNN top1 curve: [89.7, 41.35, 31.37, 21.85, 19.28, 15.13]
2024-04-29 17:59:58,639 [trainer.py] => CNN top5 curve: [99.4, 77.75, 58.37, 48.4, 43.6, 37.42]

2024-04-29 17:59:58,639 [trainer.py] => Average Accuracy (CNN): 36.446666666666665
2024-04-29 17:59:58,641 [trainer.py] => All params: 468054
2024-04-29 17:59:58,642 [trainer.py] => Trainable params: 468054
2024-04-29 17:59:58,644 [finetune.py] => Learning on 60-70
2024-04-29 18:09:24,841 [finetune.py] => Task 6, Epoch 80/80 => Loss 0.024, Train_accy 99.34
2024-04-29 18:09:25,891 [trainer.py] => No NME accuracy.
2024-04-29 18:09:25,892 [trainer.py] => CNN: {'total': 13.36, '00-09': 0.0, '10-19': 0.0, '20-29': 0.0, '30-39': 0.0, '40-49': 0.0, '50-59': 3.1, '60-69': 90.4, 'old': 0.52, 'new': 90.4}
2024-04-29 18:09:25,892 [trainer.py] => CNN top1 curve: [89.7, 41.35, 31.37, 21.85, 19.28, 15.13, 13.36]
2024-04-29 18:09:25,892 [trainer.py] => CNN top5 curve: [99.4, 77.75, 58.37, 48.4, 43.6, 37.42, 29.17]

2024-04-29 18:09:25,893 [trainer.py] => Average Accuracy (CNN): 33.14857142857143
2024-04-29 18:09:25,894 [trainer.py] => All params: 468704
2024-04-29 18:09:25,895 [trainer.py] => Trainable params: 468704
2024-04-29 18:09:25,897 [finetune.py] => Learning on 70-80
2024-04-29 18:19:08,300 [finetune.py] => Task 7, Epoch 80/80 => Loss 0.038, Train_accy 99.32
2024-04-29 18:19:09,490 [trainer.py] => No NME accuracy.
2024-04-29 18:19:09,491 [trainer.py] => CNN: {'total': 11.45, '00-09': 0.0, '10-19': 0.0, '20-29': 0.0, '30-39': 0.0, '40-49': 0.0, '50-59': 0.0, '60-69': 3.7, '70-79': 87.9, 'old': 0.53, 'new': 87.9}
2024-04-29 18:19:09,491 [trainer.py] => CNN top1 curve: [89.7, 41.35, 31.37, 21.85, 19.28, 15.13, 13.36, 11.45]
2024-04-29 18:19:09,491 [trainer.py] => CNN top5 curve: [99.4, 77.75, 58.37, 48.4, 43.6, 37.42, 29.17, 28.78]

2024-04-29 18:19:09,492 [trainer.py] => Average Accuracy (CNN): 30.43625
2024-04-29 18:19:09,493 [trainer.py] => All params: 469354
2024-04-29 18:19:09,494 [trainer.py] => Trainable params: 469354
2024-04-29 18:19:09,496 [finetune.py] => Learning on 80-90
2024-04-29 18:29:06,770 [finetune.py] => Task 8, Epoch 80/80 => Loss 0.035, Train_accy 99.48
2024-04-29 18:29:07,970 [trainer.py] => No NME accuracy.
2024-04-29 18:29:07,970 [trainer.py] => CNN: {'total': 10.46, '00-09': 0.0, '10-19': 0.0, '20-29': 0.0, '30-39': 0.0, '40-49': 0.0, '50-59': 0.0, '60-69': 0.1, '70-79': 3.1, '80-89': 90.9, 'old': 0.4, 'new': 90.9}
2024-04-29 18:29:07,970 [trainer.py] => CNN top1 curve: [89.7, 41.35, 31.37, 21.85, 19.28, 15.13, 13.36, 11.45, 10.46]
2024-04-29 18:29:07,970 [trainer.py] => CNN top5 curve: [99.4, 77.75, 58.37, 48.4, 43.6, 37.42, 29.17, 28.78, 24.34]

2024-04-29 18:29:07,971 [trainer.py] => Average Accuracy (CNN): 28.21666666666667
2024-04-29 18:29:07,972 [trainer.py] => All params: 470004
2024-04-29 18:29:07,973 [trainer.py] => Trainable params: 470004
2024-04-29 18:29:07,975 [finetune.py] => Learning on 90-100
2024-04-29 18:39:20,014 [finetune.py] => Task 9, Epoch 80/80 => Loss 0.066, Train_accy 98.86
2024-04-29 18:39:21,380 [trainer.py] => No NME accuracy.
2024-04-29 18:39:21,381 [trainer.py] => CNN: {'total': 8.91, '00-09': 0.0, '10-19': 0.0, '20-29': 0.0, '30-39': 0.0, '40-49': 0.0, '50-59': 0.0, '60-69': 0.0, '70-79': 0.0, '80-89': 3.2, '90-99': 85.9, 'old': 0.36, 'new': 85.9}
2024-04-29 18:39:21,381 [trainer.py] => CNN top1 curve: [89.7, 41.35, 31.37, 21.85, 19.28, 15.13, 13.36, 11.45, 10.46, 8.91]
2024-04-29 18:39:21,381 [trainer.py] => CNN top5 curve: [99.4, 77.75, 58.37, 48.4, 43.6, 37.42, 29.17, 28.78, 24.34, 18.94]

2024-04-29 18:39:21,382 [trainer.py] => Average Accuracy (CNN): 26.286
2024-04-29 18:39:21,385 [trainer.py] => Forgetting (CNN): 88.78888888888889
2024-05-23 18:19:45,503 [trainer.py] => config: ./exps/finetune.json
2024-05-23 18:19:47,890 [trainer.py] => prefix: reproduce
2024-05-23 18:19:50,234 [trainer.py] => dataset: cifar100
2024-05-23 18:19:52,117 [trainer.py] => memory_size: 2000
2024-05-23 18:19:53,689 [trainer.py] => memory_per_class: 20
2024-05-23 18:19:54,833 [trainer.py] => fixed_memory: False
2024-05-23 18:19:56,673 [trainer.py] => shuffle: True
2024-05-23 18:19:57,857 [trainer.py] => init_cls: 10
2024-05-23 18:19:59,091 [trainer.py] => increment: 10
2024-05-23 18:20:00,553 [trainer.py] => model_name: finetune
2024-05-23 18:20:02,015 [trainer.py] => convnet_type: resnet32
2024-05-23 18:20:03,363 [trainer.py] => device: [device(type='cuda', index=0), device(type='cuda', index=1)]
2024-05-23 18:20:04,814 [trainer.py] => seed: 1993
2024-05-23 18:27:20,228 [data_manager.py] => [68, 56, 78, 8, 23, 84, 90, 65, 74, 76, 40, 89, 3, 92, 55, 9, 26, 80, 43, 38, 58, 70, 77, 1, 85, 19, 17, 50, 28, 53, 13, 81, 45, 82, 6, 59, 83, 16, 15, 44, 91, 41, 72, 60, 79, 52, 20, 10, 31, 54, 37, 95, 14, 71, 96, 98, 97, 2, 64, 66, 42, 22, 35, 86, 24, 34, 87, 21, 99, 0, 88, 27, 18, 94, 11, 12, 47, 25, 30, 46, 62, 69, 36, 61, 7, 63, 75, 5, 32, 4, 51, 48, 73, 93, 39, 67, 29, 49, 57, 33]
2024-05-23 18:46:35,092 [trainer.py] => All params: 464154
2024-05-23 18:47:01,991 [trainer.py] => Trainable params: 464154
2024-05-23 18:53:58,241 [finetune.py] => Learning on 0-10
