2024-05-26 13:29:47,601 [trainer.py] => config: ./exps/finetune.json
2024-05-26 13:29:47,601 [trainer.py] => prefix: reproduce
2024-05-26 13:29:47,601 [trainer.py] => dataset: cifar10
2024-05-26 13:29:47,601 [trainer.py] => memory_size: 2000
2024-05-26 13:29:47,601 [trainer.py] => memory_per_class: 20
2024-05-26 13:29:47,601 [trainer.py] => fixed_memory: False
2024-05-26 13:29:47,601 [trainer.py] => shuffle: True
2024-05-26 13:29:47,601 [trainer.py] => init_cls: 5
2024-05-26 13:29:47,601 [trainer.py] => increment: 5
2024-05-26 13:29:47,601 [trainer.py] => model_name: finetune
2024-05-26 13:29:47,601 [trainer.py] => convnet_type: resnet32
2024-05-26 13:29:47,601 [trainer.py] => device: [device(type='cuda', index=0), device(type='cuda', index=1)]
2024-05-26 13:29:47,602 [trainer.py] => seed: 1993
2024-05-26 13:29:47,602 [trainer.py] => second-task-freeze-stage: 0
2024-05-26 13:29:49,223 [data_manager.py] => [4, 2, 7, 6, 0, 3, 5, 8, 9, 1]
2024-05-26 13:29:49,457 [trainer.py] => All params: 464154
2024-05-26 13:29:49,458 [trainer.py] => Trainable params: 464154
2024-05-26 13:29:49,458 [finetune.py] => Learning on 0-5
2024-05-26 13:34:30,026 [finetune.py] => Task 0, Epoch 10/10 => Loss 0.455, Train_accy 83.56
2024-05-26 13:34:30,996 [trainer.py] => No NME accuracy.
2024-05-26 13:34:30,996 [trainer.py] => CNN: {'total': 81.96, '00-09': 81.96, 'old': 0, 'new': 81.96}
2024-05-26 13:34:30,997 [trainer.py] => CNN top1 curve: [81.96]
2024-05-26 13:34:30,997 [trainer.py] => CNN top5 curve: [100.0]

2024-05-26 13:34:30,997 [trainer.py] => Average Accuracy (CNN): 81.96
2024-05-26 13:34:30,998 [trainer.py] => All params: 464479
2024-05-26 13:34:30,999 [trainer.py] => Trainable params: 464479
2024-05-26 13:34:31,001 [finetune.py] => Learning on 0-5
2024-05-26 13:39:07,848 [finetune.py] => Task 0, Epoch 10/10 => Loss 0.330, Train_accy 88.22
2024-05-26 13:39:08,763 [trainer.py] => No NME accuracy.
2024-05-26 13:39:08,763 [trainer.py] => CNN: {'total': 82.82, '00-09': 82.82, 'old': 0, 'new': 82.82}
2024-05-26 13:39:08,763 [trainer.py] => CNN top1 curve: [81.96, 82.82]
2024-05-26 13:39:08,763 [trainer.py] => CNN top5 curve: [100.0, 100.0]

2024-05-26 13:39:08,764 [trainer.py] => Average Accuracy (CNN): 82.38999999999999
2024-05-26 13:39:08,765 [trainer.py] => Forgetting (CNN): 0.0
2024-05-26 13:47:26,091 [trainer.py] => config: ./exps/finetune.json
2024-05-26 13:47:26,092 [trainer.py] => prefix: reproduce
2024-05-26 13:47:26,093 [trainer.py] => dataset: cifar10
2024-05-26 13:47:26,093 [trainer.py] => memory_size: 2000
2024-05-26 13:47:26,094 [trainer.py] => memory_per_class: 20
2024-05-26 13:47:26,094 [trainer.py] => fixed_memory: False
2024-05-26 13:47:26,094 [trainer.py] => shuffle: True
2024-05-26 13:47:26,095 [trainer.py] => init_cls: 5
2024-05-26 13:47:26,095 [trainer.py] => increment: 5
2024-05-26 13:47:26,095 [trainer.py] => model_name: finetune
2024-05-26 13:47:26,096 [trainer.py] => convnet_type: resnet32
2024-05-26 13:47:26,096 [trainer.py] => device: [device(type='cuda', index=0), device(type='cuda', index=1)]
2024-05-26 13:47:26,096 [trainer.py] => seed: 1993
2024-05-26 13:47:26,097 [trainer.py] => second-task-freeze-stage: 0
2024-05-26 13:47:28,190 [data_manager.py] => [4, 2, 7, 6, 0, 3, 5, 8, 9, 1]
2024-05-26 13:47:34,601 [trainer.py] => All params: 464154
2024-05-26 13:47:34,606 [trainer.py] => Trainable params: 464154
2024-05-26 13:47:49,031 [finetune.py] => Learning on 0-5
2024-05-26 13:48:43,358 [finetune.py] => Task 0, Epoch 1/1 => Loss 1.529, Train_accy 36.96, Test_accy 47.94
2024-05-26 13:48:50,712 [trainer.py] => No NME accuracy.
2024-05-26 13:48:50,713 [trainer.py] => CNN: {'total': 47.94, '00-09': 47.94, 'old': 0, 'new': 47.94}
2024-05-26 13:48:50,714 [trainer.py] => CNN top1 curve: [47.94]
2024-05-26 13:48:50,714 [trainer.py] => CNN top5 curve: [100.0]

2024-05-26 13:48:50,715 [trainer.py] => Average Accuracy (CNN): 47.94
2024-05-26 13:48:50,723 [trainer.py] => All params: 464479
2024-05-26 13:48:50,731 [trainer.py] => Trainable params: 464479
2024-05-26 14:03:37,138 [trainer.py] => config: ./exps/finetune.json
2024-05-26 14:03:37,140 [trainer.py] => prefix: reproduce
2024-05-26 14:03:37,141 [trainer.py] => dataset: cifar10
2024-05-26 14:03:37,141 [trainer.py] => memory_size: 2000
2024-05-26 14:03:37,141 [trainer.py] => memory_per_class: 20
2024-05-26 14:03:37,142 [trainer.py] => fixed_memory: False
2024-05-26 14:03:37,142 [trainer.py] => shuffle: True
2024-05-26 14:03:37,142 [trainer.py] => init_cls: 5
2024-05-26 14:03:37,143 [trainer.py] => increment: 5
2024-05-26 14:03:37,143 [trainer.py] => model_name: finetune
2024-05-26 14:03:37,143 [trainer.py] => convnet_type: resnet32
2024-05-26 14:03:37,144 [trainer.py] => device: [device(type='cuda', index=0), device(type='cuda', index=1)]
2024-05-26 14:03:37,144 [trainer.py] => seed: 1993
2024-05-26 14:03:37,145 [trainer.py] => second-task-freeze-stage: 0
2024-05-26 14:03:39,266 [data_manager.py] => [4, 2, 7, 6, 0, 3, 5, 8, 9, 1]
2024-05-26 14:06:07,113 [trainer.py] => config: ./exps/finetune.json
2024-05-26 14:06:07,115 [trainer.py] => prefix: reproduce
2024-05-26 14:06:07,116 [trainer.py] => dataset: cifar10
2024-05-26 14:06:07,116 [trainer.py] => memory_size: 2000
2024-05-26 14:06:07,117 [trainer.py] => memory_per_class: 20
2024-05-26 14:06:07,117 [trainer.py] => fixed_memory: False
2024-05-26 14:06:07,118 [trainer.py] => shuffle: True
2024-05-26 14:06:07,118 [trainer.py] => init_cls: 5
2024-05-26 14:06:07,119 [trainer.py] => increment: 5
2024-05-26 14:06:07,119 [trainer.py] => model_name: finetune
2024-05-26 14:06:07,119 [trainer.py] => convnet_type: resnet32
2024-05-26 14:06:07,120 [trainer.py] => device: [device(type='cuda', index=0), device(type='cuda', index=1)]
2024-05-26 14:06:07,120 [trainer.py] => seed: 1993
2024-05-26 14:06:07,121 [trainer.py] => second-task-freeze-stage: 0
2024-05-26 14:06:09,256 [data_manager.py] => [4, 2, 7, 6, 0, 3, 5, 8, 9, 1]
2024-05-26 14:06:39,002 [trainer.py] => config: ./exps/finetune.json
2024-05-26 14:06:39,006 [trainer.py] => prefix: reproduce
2024-05-26 14:06:39,006 [trainer.py] => dataset: cifar10
2024-05-26 14:06:39,007 [trainer.py] => memory_size: 2000
2024-05-26 14:06:39,007 [trainer.py] => memory_per_class: 20
2024-05-26 14:06:39,008 [trainer.py] => fixed_memory: False
2024-05-26 14:06:39,009 [trainer.py] => shuffle: True
2024-05-26 14:06:39,009 [trainer.py] => init_cls: 5
2024-05-26 14:06:39,010 [trainer.py] => increment: 5
2024-05-26 14:06:39,010 [trainer.py] => model_name: finetune
2024-05-26 14:06:39,011 [trainer.py] => convnet_type: resnet32
2024-05-26 14:06:39,011 [trainer.py] => device: [device(type='cuda', index=0), device(type='cuda', index=1)]
2024-05-26 14:06:39,012 [trainer.py] => seed: 1993
2024-05-26 14:06:39,012 [trainer.py] => second-task-freeze-stage: 0
2024-05-26 14:08:55,856 [data_manager.py] => [4, 2, 7, 6, 0, 3, 5, 8, 9, 1]
2024-05-26 14:20:55,400 [trainer.py] => config: ./exps/finetune.json
2024-05-26 14:20:55,400 [trainer.py] => prefix: reproduce
2024-05-26 14:20:55,400 [trainer.py] => dataset: cifar10
2024-05-26 14:20:55,400 [trainer.py] => memory_size: 2000
2024-05-26 14:20:55,400 [trainer.py] => memory_per_class: 20
2024-05-26 14:20:55,400 [trainer.py] => fixed_memory: False
2024-05-26 14:20:55,400 [trainer.py] => shuffle: True
2024-05-26 14:20:55,400 [trainer.py] => init_cls: 5
2024-05-26 14:20:55,400 [trainer.py] => increment: 5
2024-05-26 14:20:55,400 [trainer.py] => model_name: finetune
2024-05-26 14:20:55,400 [trainer.py] => convnet_type: resnet32
2024-05-26 14:20:55,400 [trainer.py] => device: [device(type='cuda', index=0), device(type='cuda', index=1)]
2024-05-26 14:20:55,400 [trainer.py] => seed: 1993
2024-05-26 14:20:55,400 [trainer.py] => second-task-freeze-stage: 0
2024-05-26 14:20:57,040 [data_manager.py] => [4, 2, 7, 6, 0, 3, 5, 8, 9, 1]
2024-05-26 14:20:57,289 [trainer.py] => All params: 464154
2024-05-26 14:20:57,289 [trainer.py] => Trainable params: 464154
2024-05-26 14:20:57,290 [finetune.py] => Learning on 0-5
2024-05-26 14:21:31,570 [finetune.py] => Task 0, Epoch 1/1 => Loss 1.529, Train_accy 36.96, Test_accy 47.94
2024-05-26 14:21:32,489 [trainer.py] => No NME accuracy.
2024-05-26 14:21:32,490 [trainer.py] => CNN: {'total': 47.94, '00-09': 47.94, 'old': 0, 'new': 47.94}
2024-05-26 14:21:32,490 [trainer.py] => CNN top1 curve: [47.94]
2024-05-26 14:21:32,490 [trainer.py] => CNN top5 curve: [100.0]

2024-05-26 14:21:32,490 [trainer.py] => Average Accuracy (CNN): 47.94
2024-05-26 14:21:32,492 [trainer.py] => All params: 464479
2024-05-26 14:21:32,493 [trainer.py] => Trainable params: 464479
2024-05-26 14:21:32,495 [finetune.py] => Learning on 5-10
2024-05-26 14:22:07,430 [finetune.py] => Task 1, Epoch 1/1 => Loss 1.092, Train_accy 42.72, Test_accy 27.53
2024-05-26 14:22:08,777 [trainer.py] => No NME accuracy.
2024-05-26 14:22:08,778 [trainer.py] => CNN: {'total': 27.53, '00-09': 27.53, 'old': 3.94, 'new': 51.12}
2024-05-26 14:22:08,778 [trainer.py] => CNN top1 curve: [47.94, 27.53]
2024-05-26 14:22:08,778 [trainer.py] => CNN top5 curve: [100.0, 85.1]

2024-05-26 14:22:08,778 [trainer.py] => Average Accuracy (CNN): 37.735
2024-05-26 14:22:08,780 [trainer.py] => Forgetting (CNN): 20.409999999999997
2024-05-26 14:23:43,357 [trainer.py] => config: ./exps/finetune.json
2024-05-26 14:23:43,357 [trainer.py] => prefix: reproduce
2024-05-26 14:23:43,357 [trainer.py] => dataset: cifar10
2024-05-26 14:23:43,357 [trainer.py] => memory_size: 2000
2024-05-26 14:23:43,358 [trainer.py] => memory_per_class: 20
2024-05-26 14:23:43,358 [trainer.py] => fixed_memory: False
2024-05-26 14:23:43,358 [trainer.py] => shuffle: True
2024-05-26 14:23:43,358 [trainer.py] => init_cls: 5
2024-05-26 14:23:43,358 [trainer.py] => increment: 5
2024-05-26 14:23:43,358 [trainer.py] => model_name: finetune
2024-05-26 14:23:43,358 [trainer.py] => convnet_type: resnet32
2024-05-26 14:23:43,358 [trainer.py] => device: [device(type='cuda', index=0), device(type='cuda', index=1)]
2024-05-26 14:23:43,358 [trainer.py] => seed: 1993
2024-05-26 14:23:43,358 [trainer.py] => second-task-freeze-stage: 0
2024-05-26 14:23:44,994 [data_manager.py] => [4, 2, 7, 6, 0, 3, 5, 8, 9, 1]
2024-05-26 14:23:45,468 [trainer.py] => All params: 464154
2024-05-26 14:23:45,469 [trainer.py] => Trainable params: 464154
2024-05-26 14:23:45,469 [finetune.py] => Learning on 0-5
2024-05-26 14:24:07,878 [trainer.py] => config: ./exps/finetune.json
2024-05-26 14:24:07,878 [trainer.py] => prefix: reproduce
2024-05-26 14:24:07,878 [trainer.py] => dataset: cifar10
2024-05-26 14:24:07,878 [trainer.py] => memory_size: 2000
2024-05-26 14:24:07,878 [trainer.py] => memory_per_class: 20
2024-05-26 14:24:07,878 [trainer.py] => fixed_memory: False
2024-05-26 14:24:07,878 [trainer.py] => shuffle: True
2024-05-26 14:24:07,878 [trainer.py] => init_cls: 5
2024-05-26 14:24:07,878 [trainer.py] => increment: 5
2024-05-26 14:24:07,878 [trainer.py] => model_name: finetune
2024-05-26 14:24:07,878 [trainer.py] => convnet_type: resnet32
2024-05-26 14:24:07,878 [trainer.py] => device: [device(type='cuda', index=0), device(type='cuda', index=1)]
2024-05-26 14:24:07,878 [trainer.py] => seed: 1993
2024-05-26 14:24:07,878 [trainer.py] => second-task-freeze-stage: 1
2024-05-26 14:24:09,513 [data_manager.py] => [4, 2, 7, 6, 0, 3, 5, 8, 9, 1]
2024-05-26 14:24:10,069 [trainer.py] => All params: 464154
2024-05-26 14:24:10,070 [trainer.py] => Trainable params: 440794
2024-05-26 14:24:10,070 [finetune.py] => Learning on 5-10
2024-05-26 14:24:48,402 [finetune.py] => Task 1, Epoch 1/1 => Loss 1.107, Train_accy 48.67, Test_accy 23.36
2024-05-26 14:24:49,871 [trainer.py] => No NME accuracy.
2024-05-26 14:24:49,872 [trainer.py] => CNN: {'total': 23.36, '00-09': 23.36, 'old': 0.0, 'new': 46.72}
2024-05-26 14:24:49,872 [trainer.py] => CNN top1 curve: [23.36]
2024-05-26 14:24:49,872 [trainer.py] => CNN top5 curve: [75.77]

2024-05-26 14:24:49,873 [trainer.py] => Average Accuracy (CNN): 23.36
2024-05-26 14:24:49,877 [trainer.py] => Forgetting (CNN): nan
